<?xml version="1.0" encoding="UTF-8"?>
<!-- Generated by org.testng.reporters.JUnitReportReporter -->
<testsuite skipped="0" hostname="WKWIN0417776" name="org.testing.TestScripts.GetRequestWithQueryParam" tests="1" failures="0" timestamp="2020-08-04T16:16:54 IST" time="1.069" errors="0">
  <testcase name="tc3" time="1.069" classname="org.testing.TestScripts.GetRequestWithQueryParam"/>
  <system-out/>
</testsuite> <!-- org.testing.TestScripts.GetRequestWithQueryParam -->
