<?xml version="1.0" encoding="UTF-8"?>
<!-- Generated by org.testng.reporters.JUnitReportReporter -->
<testsuite skipped="0" hostname="WKWIN0417776" name="org.testing.TestScripts.GetRequestTC" tests="1" failures="0" timestamp="2020-08-04T16:16:54 IST" time="0.017" errors="0">
  <testcase name="tc2" time="0.017" classname="org.testing.TestScripts.GetRequestTC"/>
  <system-out/>
</testsuite> <!-- org.testing.TestScripts.GetRequestTC -->
