<?xml version="1.0" encoding="UTF-8"?>
<!-- Generated by org.testng.reporters.JUnitReportReporter -->
<testsuite skipped="0" hostname="WKWIN0417776" name="org.testing.TestScripts.PostRequestTC" tests="1" failures="0" timestamp="2020-08-04T16:16:54 IST" time="0.306" errors="0">
  <testcase name="tc1" time="0.306" classname="org.testing.TestScripts.PostRequestTC"/>
  <system-out/>
</testsuite> <!-- org.testing.TestScripts.PostRequestTC -->
